Mon May 16 16:26:08 2022: Log opened.
Mon May 16 16:26:08 2022: File: Z:\home\kali\HTB\CA\forensics_golden\NTUSER.DAT
Mon May 16 16:26:08 2022: Environment set up.
Mon May 16 16:26:08 2022: Parsed Plugins file system
Mon May 16 16:26:08 2022: Launching appcertdlls v.20120817
Mon May 16 16:26:08 2022: 0 plugins completed with errors.
Mon May 16 16:26:08 2022: appcertdlls complete.
Mon May 16 16:26:08 2022: Launching appcompatcache v.20120817
Mon May 16 16:26:08 2022: 0 plugins completed with errors.
Mon May 16 16:26:08 2022: appcompatcache complete.
Mon May 16 16:26:08 2022: Launching auditfail v.20081212
Mon May 16 16:26:08 2022: Select not found.
Mon May 16 16:26:08 2022: 0 plugins completed with errors.
Mon May 16 16:26:08 2022: auditfail complete.
Mon May 16 16:26:08 2022: Launching backuprestore v.20120914
Mon May 16 16:26:08 2022: 0 plugins completed with errors.
Mon May 16 16:26:08 2022: backuprestore complete.
Mon May 16 16:26:08 2022: Launching compname v.20090727
Mon May 16 16:26:08 2022: Select not found.
Mon May 16 16:26:08 2022: 0 plugins completed with errors.
Mon May 16 16:26:08 2022: compname complete.
Mon May 16 16:26:08 2022: Launching crashcontrol v.20081212
Mon May 16 16:26:08 2022: Select not found.
Mon May 16 16:26:08 2022: 0 plugins completed with errors.
Mon May 16 16:26:08 2022: crashcontrol complete.
Mon May 16 16:26:08 2022: Launching ddm v.20081129
Mon May 16 16:26:08 2022: Current value not found.
Mon May 16 16:26:08 2022: 0 plugins completed with errors.
Mon May 16 16:26:08 2022: ddm complete.
Mon May 16 16:26:08 2022: Launching devclass v.20100901
Mon May 16 16:26:08 2022: Could not find Select
Mon May 16 16:26:08 2022: 0 plugins completed with errors.
Mon May 16 16:26:08 2022: devclass complete.
Mon May 16 16:26:08 2022: Launching disablelastaccess v.20090118
Mon May 16 16:26:08 2022: 0 plugins completed with errors.
Mon May 16 16:26:08 2022: disablelastaccess complete.
Mon May 16 16:26:08 2022: Launching dllsearch v.20100824
Mon May 16 16:26:08 2022: 0 plugins completed with errors.
Mon May 16 16:26:08 2022: dllsearch complete.
Mon May 16 16:26:08 2022: Launching eventlog v.20090112
Mon May 16 16:26:08 2022: Select not found.
Mon May 16 16:26:08 2022: 0 plugins completed with errors.
Mon May 16 16:26:08 2022: eventlog complete.
Mon May 16 16:26:08 2022: Launching eventlogs v.20081219
Mon May 16 16:26:08 2022: Select not found.
Mon May 16 16:26:08 2022: 0 plugins completed with errors.
Mon May 16 16:26:08 2022: eventlogs complete.
Mon May 16 16:26:08 2022: Launching fw_config v.20080328
Mon May 16 16:26:08 2022: Select could not be found.
Mon May 16 16:26:08 2022: 0 plugins completed with errors.
Mon May 16 16:26:08 2022: fw_config complete.
Mon May 16 16:26:08 2022: Launching hibernate v.20081216
Mon May 16 16:26:08 2022: 0 plugins completed with errors.
Mon May 16 16:26:08 2022: hibernate complete.
Mon May 16 16:26:08 2022: Launching ide v.20080418
Mon May 16 16:26:08 2022: Could not find Select
Mon May 16 16:26:08 2022: 0 plugins completed with errors.
Mon May 16 16:26:08 2022: ide complete.
Mon May 16 16:26:08 2022: Launching imagedev v.20080730
Mon May 16 16:26:08 2022: \Control\Class\{6BDD1FC6-810F-11D0-BEC7-08002BE2092F} not found.
Mon May 16 16:26:08 2022: 0 plugins completed with errors.
Mon May 16 16:26:08 2022: imagedev complete.
Mon May 16 16:26:08 2022: Launching kbdcrash v.20081212
Mon May 16 16:26:08 2022: Select not found.
Mon May 16 16:26:08 2022: 0 plugins completed with errors.
Mon May 16 16:26:08 2022: kbdcrash complete.
Mon May 16 16:26:08 2022: Launching legacy v.20120524
Mon May 16 16:26:08 2022: 0 plugins completed with errors.
Mon May 16 16:26:08 2022: legacy complete.
Mon May 16 16:26:08 2022: Launching mountdev v.20080324
Mon May 16 16:26:08 2022: MountedDevices not found.
Mon May 16 16:26:08 2022: 0 plugins completed with errors.
Mon May 16 16:26:08 2022: mountdev complete.
Mon May 16 16:26:08 2022: Launching network v.20080324
Mon May 16 16:26:08 2022: Select not found.
Mon May 16 16:26:08 2022: 0 plugins completed with errors.
Mon May 16 16:26:08 2022: network complete.
Mon May 16 16:26:08 2022: Launching nic v.20100401
Mon May 16 16:26:08 2022: 0 plugins completed with errors.
Mon May 16 16:26:08 2022: nic complete.
Mon May 16 16:26:08 2022: Launching nic_mst2 v.20080324
Mon May 16 16:26:08 2022: No active network interface cards were found.
Mon May 16 16:26:08 2022: 0 plugins completed with errors.
Mon May 16 16:26:08 2022: nic_mst2 complete.
Mon May 16 16:26:08 2022: Launching nic2 v.20100401
Mon May 16 16:26:08 2022: 0 plugins completed with errors.
Mon May 16 16:26:08 2022: nic2 complete.
Mon May 16 16:26:08 2022: Launching nolmhash v.20100712
Mon May 16 16:26:08 2022: Select not found.
Mon May 16 16:26:08 2022: 0 plugins completed with errors.
Mon May 16 16:26:08 2022: nolmhash complete.
Mon May 16 16:26:08 2022: Launching pagefile v.20081212
Mon May 16 16:26:08 2022: Select not found.
Mon May 16 16:26:08 2022: 0 plugins completed with errors.
Mon May 16 16:26:08 2022: pagefile complete.
Mon May 16 16:26:08 2022: Launching prefetch v.20120914
Mon May 16 16:26:08 2022: Select not found.
Mon May 16 16:26:08 2022: 0 plugins completed with errors.
Mon May 16 16:26:08 2022: prefetch complete.
Mon May 16 16:26:08 2022: Launching productpolicy v.20091116
Mon May 16 16:26:08 2022: 0 plugins completed with errors.
Mon May 16 16:26:08 2022: productpolicy complete.
Mon May 16 16:26:08 2022: Launching producttype v.20100325
Mon May 16 16:26:09 2022: 0 plugins completed with errors.
Mon May 16 16:26:09 2022: producttype complete.
Mon May 16 16:26:09 2022: Launching rdpport v.20100713
Mon May 16 16:26:09 2022: Error in rdpport: Can't call method "get_value" on an undefined value at Z:\usr\share\windows-resources\regripper/plugins\rdpport.pl line 44.

Mon May 16 16:26:09 2022: 1 plugins completed with errors.
Mon May 16 16:26:09 2022: rdpport complete.
Mon May 16 16:26:09 2022: Launching routes v.20100817
Mon May 16 16:26:09 2022: 1 plugins completed with errors.
Mon May 16 16:26:09 2022: routes complete.
Mon May 16 16:26:09 2022: Launching safeboot v.20081216
Mon May 16 16:26:09 2022: 1 plugins completed with errors.
Mon May 16 16:26:09 2022: safeboot complete.
Mon May 16 16:26:09 2022: Launching services v.20080507
Mon May 16 16:26:09 2022: Select not found.
Mon May 16 16:26:09 2022: 1 plugins completed with errors.
Mon May 16 16:26:09 2022: services complete.
Mon May 16 16:26:09 2022: Launching shares v.20090112
Mon May 16 16:26:09 2022: 1 plugins completed with errors.
Mon May 16 16:26:09 2022: shares complete.
Mon May 16 16:26:09 2022: Launching shutdown v.20080324
Mon May 16 16:26:09 2022: Select not found.
Mon May 16 16:26:09 2022: 1 plugins completed with errors.
Mon May 16 16:26:09 2022: shutdown complete.
Mon May 16 16:26:09 2022: Launching shutdowncount v.20080709
Mon May 16 16:26:09 2022: Could not find Select
Mon May 16 16:26:09 2022: 1 plugins completed with errors.
Mon May 16 16:26:09 2022: shutdowncount complete.
Mon May 16 16:26:09 2022: Launching stillimage v.20100222
Mon May 16 16:26:09 2022: 1 plugins completed with errors.
Mon May 16 16:26:09 2022: stillimage complete.
Mon May 16 16:26:09 2022: Launching svc v.20080610
Mon May 16 16:26:09 2022: Select not found.
Mon May 16 16:26:09 2022: 1 plugins completed with errors.
Mon May 16 16:26:09 2022: svc complete.
Mon May 16 16:26:09 2022: Select not found.
Mon May 16 16:26:09 2022: 1 plugins completed with errors.
Mon May 16 16:26:09 2022: svc2 complete.
Mon May 16 16:26:09 2022: Launching svc_plus v.20120625
Mon May 16 16:26:09 2022: Select not found.
Mon May 16 16:26:09 2022: 1 plugins completed with errors.
Mon May 16 16:26:09 2022: svc_plus complete.
Mon May 16 16:26:09 2022: Launching svcdll v.20091104
Mon May 16 16:26:09 2022: Select not found.
Mon May 16 16:26:09 2022: 1 plugins completed with errors.
Mon May 16 16:26:09 2022: svcdll complete.
Mon May 16 16:26:09 2022: Launching termserv v.20130307
Mon May 16 16:26:09 2022: 1 plugins completed with errors.
Mon May 16 16:26:09 2022: termserv complete.
Mon May 16 16:26:09 2022: Launching timezone v.20080324
Mon May 16 16:26:09 2022: Select not found.
Mon May 16 16:26:09 2022: 1 plugins completed with errors.
Mon May 16 16:26:09 2022: timezone complete.
Mon May 16 16:26:09 2022: 1 plugins completed with errors.
Mon May 16 16:26:09 2022: usb complete.
Mon May 16 16:26:09 2022: Launching usbdevices v.20120522
Mon May 16 16:26:09 2022: 1 plugins completed with errors.
Mon May 16 16:26:09 2022: usbdevices complete.
Mon May 16 16:26:09 2022: Launching usbstor v.20080418
Mon May 16 16:26:09 2022: 1 plugins completed with errors.
Mon May 16 16:26:09 2022: usbstor complete.
Mon May 16 16:26:09 2022: 1 plugins completed with errors.
Mon May 16 16:26:09 2022: usbstor2 complete.
Mon May 16 16:26:09 2022: Launching usbstor3 v.20100312
Mon May 16 16:26:09 2022: 1 plugins completed with errors.
Mon May 16 16:26:09 2022: usbstor3 complete.
Mon May 16 16:26:09 2022: Launching xpedition v.20120722
Mon May 16 16:26:09 2022: 1 plugins completed with errors.
Mon May 16 16:26:09 2022: xpedition complete.
Mon May 16 16:26:09 2022: Launching wpdbusenum v.20120523
Mon May 16 16:26:09 2022: 1 plugins completed with errors.
Mon May 16 16:26:09 2022: wpdbusenum complete.
